<?xml version="1.0" encoding="UTF-8"?>
<testng-results ignored="0" total="4" passed="3" failed="1" skipped="0">
  <reporter-output>
  </reporter-output>
  <suite started-at="2021-10-28T15:17:00 IST" name="Suite" finished-at="2021-10-28T15:17:58 IST" duration-ms="58803">
    <groups>
    </groups>
    <test started-at="2021-10-28T15:17:00 IST" name="Test" finished-at="2021-10-28T15:17:58 IST" duration-ms="58803">
      <class name="Mindtree.FrameWork.LogInAutomation">
        <test-method is-config="true" signature="demo()[pri:0, instance:Mindtree.FrameWork.LogInAutomation@48793bef]" started-at="2021-10-28T15:17:00 IST" name="demo" finished-at="2021-10-28T15:17:07 IST" duration-ms="6979" status="PASS">
          <reporter-output>
          </reporter-output>
        </test-method> <!-- demo -->
        <test-method signature="login(java.lang.String,java.lang.String)[pri:0, instance:Mindtree.FrameWork.LogInAutomation@48793bef]" started-at="2021-10-28T15:17:07 IST" name="login" data-provider="getData" finished-at="2021-10-28T15:17:08 IST" duration-ms="1386" status="PASS">
          <params>
            <param index="0">
              <value>
                <![CDATA[FirstUsername]]>
              </value>
            </param>
            <param index="1">
              <value>
                <![CDATA[FirstPass]]>
              </value>
            </param>
          </params>
          <reporter-output>
          </reporter-output>
        </test-method> <!-- login -->
        <test-method is-config="true" signature="CloseBrowser()[pri:0, instance:Mindtree.FrameWork.LogInAutomation@48793bef]" started-at="2021-10-28T15:17:08 IST" name="CloseBrowser" finished-at="2021-10-28T15:17:09 IST" duration-ms="364" status="PASS">
          <reporter-output>
          </reporter-output>
        </test-method> <!-- CloseBrowser -->
        <test-method is-config="true" signature="demo()[pri:0, instance:Mindtree.FrameWork.LogInAutomation@48793bef]" started-at="2021-10-28T15:17:09 IST" name="demo" finished-at="2021-10-28T15:17:16 IST" duration-ms="6988" status="PASS">
          <reporter-output>
          </reporter-output>
        </test-method> <!-- demo -->
        <test-method signature="login(java.lang.String,java.lang.String)[pri:0, instance:Mindtree.FrameWork.LogInAutomation@48793bef]" started-at="2021-10-28T15:17:16 IST" name="login" data-provider="getData" finished-at="2021-10-28T15:17:17 IST" duration-ms="1325" status="PASS">
          <params>
            <param index="0">
              <value>
                <![CDATA[SecondUsername]]>
              </value>
            </param>
            <param index="1">
              <value>
                <![CDATA[SecondPass]]>
              </value>
            </param>
          </params>
          <reporter-output>
          </reporter-output>
        </test-method> <!-- login -->
        <test-method is-config="true" signature="CloseBrowser()[pri:0, instance:Mindtree.FrameWork.LogInAutomation@48793bef]" started-at="2021-10-28T15:17:17 IST" name="CloseBrowser" finished-at="2021-10-28T15:17:18 IST" duration-ms="391" status="PASS">
          <reporter-output>
          </reporter-output>
        </test-method> <!-- CloseBrowser -->
        <test-method is-config="true" signature="demo()[pri:0, instance:Mindtree.FrameWork.LogInAutomation@48793bef]" started-at="2021-10-28T15:17:18 IST" name="demo" finished-at="2021-10-28T15:17:24 IST" duration-ms="6550" status="PASS">
          <reporter-output>
          </reporter-output>
        </test-method> <!-- demo -->
        <test-method signature="login(java.lang.String,java.lang.String)[pri:0, instance:Mindtree.FrameWork.LogInAutomation@48793bef]" started-at="2021-10-28T15:17:24 IST" name="login" data-provider="getData" finished-at="2021-10-28T15:17:25 IST" duration-ms="1290" status="PASS">
          <params>
            <param index="0">
              <value>
                <![CDATA[ThirdUSername]]>
              </value>
            </param>
            <param index="1">
              <value>
                <![CDATA[ThirdPass]]>
              </value>
            </param>
          </params>
          <reporter-output>
          </reporter-output>
        </test-method> <!-- login -->
        <test-method is-config="true" signature="CloseBrowser()[pri:0, instance:Mindtree.FrameWork.LogInAutomation@48793bef]" started-at="2021-10-28T15:17:26 IST" name="CloseBrowser" finished-at="2021-10-28T15:17:26 IST" duration-ms="324" status="PASS">
          <reporter-output>
          </reporter-output>
        </test-method> <!-- CloseBrowser -->
      </class> <!-- Mindtree.FrameWork.LogInAutomation -->
      <class name="Mindtree.FrameWork.HomePageValidation">
        <test-method is-config="true" signature="demo()[pri:0, instance:Mindtree.FrameWork.HomePageValidation@95e33cc]" started-at="2021-10-28T15:17:26 IST" name="demo" finished-at="2021-10-28T15:17:58 IST" duration-ms="31739" status="PASS">
          <reporter-output>
          </reporter-output>
        </test-method> <!-- demo -->
        <test-method signature="HomePage()[pri:0, instance:Mindtree.FrameWork.HomePageValidation@95e33cc]" started-at="2021-10-28T15:17:58 IST" name="HomePage" finished-at="2021-10-28T15:17:58 IST" duration-ms="30" status="FAIL">
          <exception class="java.lang.AssertionError">
            <message>
              <![CDATA[expected [FEATURED COURSESS] but found [FEATURED COURSES]]]>
            </message>
            <full-stacktrace>
              <![CDATA[java.lang.AssertionError: expected [FEATURED COURSESS] but found [FEATURED COURSES]
at org.testng.Assert.fail(Assert.java:99)
at org.testng.Assert.failNotEquals(Assert.java:1037)
at org.testng.Assert.assertEqualsImpl(Assert.java:140)
at org.testng.Assert.assertEquals(Assert.java:122)
at org.testng.Assert.assertEquals(Assert.java:629)
at org.testng.Assert.assertEquals(Assert.java:639)
at Mindtree.FrameWork.HomePageValidation.HomePage(HomePageValidation.java:20)
at java.base/jdk.internal.reflect.NativeMethodAccessorImpl.invoke0(Native Method)
at java.base/jdk.internal.reflect.NativeMethodAccessorImpl.invoke(NativeMethodAccessorImpl.java:77)
at java.base/jdk.internal.reflect.DelegatingMethodAccessorImpl.invoke(DelegatingMethodAccessorImpl.java:43)
at java.base/java.lang.reflect.Method.invoke(Method.java:568)
at org.testng.internal.MethodInvocationHelper.invokeMethod(MethodInvocationHelper.java:133)
at org.testng.internal.TestInvoker.invokeMethod(TestInvoker.java:598)
at org.testng.internal.TestInvoker.invokeTestMethod(TestInvoker.java:173)
at org.testng.internal.MethodRunner.runInSequence(MethodRunner.java:46)
at org.testng.internal.TestInvoker$MethodInvocationAgent.invoke(TestInvoker.java:824)
at org.testng.internal.TestInvoker.invokeTestMethods(TestInvoker.java:146)
at org.testng.internal.TestMethodWorker.invokeTestMethods(TestMethodWorker.java:146)
at org.testng.internal.TestMethodWorker.run(TestMethodWorker.java:128)
at java.base/java.util.ArrayList.forEach(ArrayList.java:1511)
at org.testng.TestRunner.privateRun(TestRunner.java:794)
at org.testng.TestRunner.run(TestRunner.java:596)
at org.testng.SuiteRunner.runTest(SuiteRunner.java:377)
at org.testng.SuiteRunner.runSequentially(SuiteRunner.java:371)
at org.testng.SuiteRunner.privateRun(SuiteRunner.java:332)
at org.testng.SuiteRunner.run(SuiteRunner.java:276)
at org.testng.SuiteRunnerWorker.runSuite(SuiteRunnerWorker.java:53)
at org.testng.SuiteRunnerWorker.run(SuiteRunnerWorker.java:96)
at org.testng.TestNG.runSuitesSequentially(TestNG.java:1212)
at org.testng.TestNG.runSuitesLocally(TestNG.java:1134)
at org.testng.TestNG.runSuites(TestNG.java:1063)
at org.testng.TestNG.run(TestNG.java:1031)
at org.testng.remote.AbstractRemoteTestNG.run(AbstractRemoteTestNG.java:115)
at org.testng.remote.RemoteTestNG.initAndRun(RemoteTestNG.java:251)
at org.testng.remote.RemoteTestNG.main(RemoteTestNG.java:77)
]]>
            </full-stacktrace>
          </exception> <!-- java.lang.AssertionError -->
          <reporter-output>
          </reporter-output>
        </test-method> <!-- HomePage -->
        <test-method is-config="true" signature="CloseBrowser()[pri:0, instance:Mindtree.FrameWork.HomePageValidation@95e33cc]" started-at="2021-10-28T15:17:58 IST" name="CloseBrowser" finished-at="2021-10-28T15:17:58 IST" duration-ms="333" status="PASS">
          <reporter-output>
          </reporter-output>
        </test-method> <!-- CloseBrowser -->
      </class> <!-- Mindtree.FrameWork.HomePageValidation -->
    </test> <!-- Test -->
  </suite> <!-- Suite -->
</testng-results>
