<?xml version="1.0" encoding="UTF-8"?>
<!-- Generated by org.testng.reporters.JUnitXMLReporter -->
<testsuite ignored="0" hostname="MT-5CD119LDW3" failures="1" tests="4" name="Test" time="58.803" errors="0" timestamp="2021-10-28T15:17:58 IST">
  <testcase classname="Mindtree.FrameWork.LogInAutomation" name="login" time="1.386"/>
  <testcase classname="Mindtree.FrameWork.LogInAutomation" name="login" time="1.325"/>
  <testcase classname="Mindtree.FrameWork.LogInAutomation" name="login" time="1.29"/>
  <testcase classname="Mindtree.FrameWork.HomePageValidation" name="HomePage" time="0.03">
    <failure type="java.lang.AssertionError" message="expected [FEATURED COURSESS] but found [FEATURED COURSES]">
      <![CDATA[java.lang.AssertionError: expected [FEATURED COURSESS] but found [FEATURED COURSES]
at Mindtree.FrameWork.HomePageValidation.HomePage(HomePageValidation.java:20)
at java.base/java.util.ArrayList.forEach(ArrayList.java:1511)
... Removed 33 stack frames]]>
    </failure>
  </testcase> <!-- HomePage -->
</testsuite> <!-- Test -->
