<?xml version="1.0" encoding="UTF-8"?>
<!-- Generated by org.testng.reporters.JUnitXMLReporter -->
<testsuite ignored="0" hostname="MT-5CD119LDW3" failures="0" tests="3" name="Default test" time="29.589" errors="0" timestamp="2021-10-28T12:21:02 IST">
  <testcase classname="Mindtree.FrameWork.LogInAutomation" name="login" time="1.738"/>
  <testcase classname="Mindtree.FrameWork.LogInAutomation" name="login" time="2.768"/>
  <testcase classname="Mindtree.FrameWork.LogInAutomation" name="login" time="1.576"/>
</testsuite> <!-- Default test -->
